{"level":"info","message":"[1] DATABASE IS RUNNING...","timestamp":"2018-01-08T05:13:40.898Z"}
{"level":"error","message":"[1] DATABASE IS RUNNING...","timestamp":"2018-01-08T05:13:40.900Z"}
{"level":"warn","message":"[1] DATABASE IS RUNNING...","timestamp":"2018-01-08T05:13:40.900Z"}
{"level":"info","message":"[1] DATABASE IS RUNNING...","timestamp":"2018-01-08T05:14:16.091Z"}
{"level":"error","message":"[1] DATABASE IS RUNNING...","timestamp":"2018-01-08T05:14:16.093Z"}
{"level":"warn","message":"[1] DATABASE IS RUNNING...","timestamp":"2018-01-08T05:14:16.093Z"}
{"level":"info","message":"[1] DATABASE IS RUNNING...","timestamp":"2018-01-08T05:14:20.318Z"}
{"level":"error","message":"[1] DATABASE IS RUNNING...","timestamp":"2018-01-08T05:14:20.320Z"}
{"level":"warn","message":"[1] DATABASE IS RUNNING...","timestamp":"2018-01-08T05:14:20.320Z"}
{"level":"info","message":"[1] DATABASE IS RUNNING...","timestamp":"2018-01-08T05:41:40.780Z"}
{"level":"error","message":"[1] DATABASE IS RUNNING...","timestamp":"2018-01-08T05:41:40.782Z"}
{"level":"warn","message":"[1] DATABASE IS RUNNING...","timestamp":"2018-01-08T05:41:40.782Z"}
{"level":"info","message":"[1] DATABASE IS RUNNING...","timestamp":"16:25:12"}
{"level":"info","message":"[1] DATABASE IS RUNNING...","timestamp":"16:28:46"}
{"level":"info","message":"[1] DATABASE IS RUNNING...","timestamp":"16:30:04"}
{"level":"info","message":"[1] DATABASE IS RUNNING...","timestamp":"2018-1-8"}
{"level":"info","message":"[1] DATABASE IS RUNNING...","timestamp":"17:56:09"}
{"level":"info","message":"[1] DATABASE IS RUNNING...","timestamp":"17:57:10"}
{"level":"info","message":"[3.1] ROUTING GET","timestamp":"17:57:13"}
{"level":"info","message":"[3.2] /","timestamp":"17:57:13"}
{"level":"info","message":"[3.1] ROUTING GET","timestamp":"17:57:15"}
{"level":"info","message":"[3.2] /","timestamp":"17:57:15"}
{"level":"info","message":"[1] DATABASE IS RUNNING...","timestamp":"19:10:38"}
{"level":"info","message":"[1] DATABASE IS RUNNING...","timestamp":"19:11:17"}
{"level":"info","message":"[2] SERVER IS RUNNING AT http://192.168.0.123:3000","timestamp":"19:11:17"}
{"level":"info","message":"[3.1] GET","timestamp":"19:13:11"}
{"level":"info","message":"[3.2] PATH : /","timestamp":"19:13:11"}
{"level":"info","message":"[3.1] GET","timestamp":"19:13:13"}
{"level":"info","message":"[3.2] PATH : /","timestamp":"19:13:13"}
{"level":"info","message":"[3.1] GET","timestamp":"19:15:13"}
{"level":"info","message":"[3.2] PATH : /","timestamp":"19:15:13"}
{"level":"info","message":"[3.1] GET","timestamp":"19:17:13"}
{"level":"info","message":"[3.2] PATH : /","timestamp":"19:17:13"}
{"level":"info","message":"[3.1] GET","timestamp":"19:19:18"}
{"level":"info","message":"[3.2] PATH : /","timestamp":"19:19:18"}
{"level":"info","message":"[3.1] GET","timestamp":"19:27:20"}
{"level":"info","message":"[3.2] PATH : /","timestamp":"19:27:20"}
{"level":"info","message":"[3.1] GET","timestamp":"20:08:16"}
{"level":"info","message":"[3.2] PATH : /","timestamp":"20:08:16"}
{"level":"info","message":"[3.1] GET","timestamp":"20:10:45"}
{"level":"info","message":"[3.2] PATH : /all","timestamp":"20:10:45"}
{"level":"info","message":"[3.1] GET","timestamp":"20:10:59"}
{"level":"info","message":"[3.2] PATH : /coupon/all","timestamp":"20:10:59"}
{"level":"info","message":"[3.1] GET","timestamp":"20:11:01"}
{"level":"info","message":"[3.2] PATH : /favicon.ico","timestamp":"20:11:01"}
{"level":"info","message":"[3.1] GET","timestamp":"20:13:01"}
{"level":"info","message":"[3.2] PATH : /favicon.ico","timestamp":"20:13:01"}
{"level":"info","message":"[3.1] GET","timestamp":"20:13:11"}
{"level":"info","message":"[3.2] PATH : /","timestamp":"20:13:11"}
{"level":"info","message":"[3.1] GET","timestamp":"20:13:18"}
{"level":"info","message":"[3.2] PATH : /","timestamp":"20:13:18"}
{"level":"info","message":"[3.1] GET","timestamp":"20:13:21"}
{"level":"info","message":"[3.2] PATH : /coupon/all","timestamp":"20:13:21"}
{"level":"info","message":"[3.1] GET","timestamp":"20:13:25"}
{"level":"info","message":"[3.2] PATH : /favicon.ico","timestamp":"20:13:25"}
{"level":"info","message":"[1] DATABASE IS RUNNING...","timestamp":"20:15:56"}
{"level":"info","message":"[2] SERVER IS RUNNING AT http://192.168.0.123:3000","timestamp":"20:15:56"}
{"level":"info","message":"[3.1] GET","timestamp":"20:16:01"}
{"level":"info","message":"[3.2] /coupon/all","timestamp":"20:16:01"}
{"level":"info","message":"[4] CONTROLLER coupon-readAll","timestamp":"20:16:01"}
{"level":"info","message":"[6] COMPLETE","timestamp":"20:16:01"}
{"level":"info","message":"[3.1] GET","timestamp":"20:16:05"}
{"level":"info","message":"[3.2] /favicon.ico","timestamp":"20:16:05"}
{"level":"info","message":"[3.1] GET","timestamp":"20:18:05"}
{"level":"info","message":"[3.2] /favicon.ico","timestamp":"20:18:05"}
